  MyGame.cpp
D:\AAAAAA Game Engine fun\xcube\src\engine\GameMath.h(42,1): warning C4244: '+=': conversion from 'const float' to 'int', possible loss of data
D:\AAAAAA Game Engine fun\xcube\src\engine\GameMath.h(43,1): warning C4244: '+=': conversion from 'const float' to 'int', possible loss of data
D:\AAAAAA Game Engine fun\xcube\src\engine\GameMath.h(48,1): warning C4244: '-=': conversion from 'const float' to 'int', possible loss of data
D:\AAAAAA Game Engine fun\xcube\src\engine\GameMath.h(49,1): warning C4244: '-=': conversion from 'const float' to 'int', possible loss of data
D:\AAAAAA Game Engine fun\xcube\src\engine\GameMath.h(96,27): warning C4838: conversion from 'const float' to 'int' requires a narrowing conversion
D:\AAAAAA Game Engine fun\xcube\src\engine\GameMath.h(96,27): warning C4244: 'initializing': conversion from 'const float' to 'int', possible loss of data
D:\AAAAAA Game Engine fun\xcube\src\engine\GameMath.h(96,30): warning C4838: conversion from 'const float' to 'int' requires a narrowing conversion
D:\AAAAAA Game Engine fun\xcube\src\engine\GameMath.h(96,30): warning C4244: 'initializing': conversion from 'const float' to 'int', possible loss of data
D:\AAAAAA Game Engine fun\xcube\src\engine\GameMath.h(96,33): warning C4838: conversion from 'const float' to 'int' requires a narrowing conversion
D:\AAAAAA Game Engine fun\xcube\src\engine\GameMath.h(96,33): warning C4244: 'initializing': conversion from 'const float' to 'int', possible loss of data
D:\AAAAAA Game Engine fun\xcube\src\engine\GameMath.h(96,36): warning C4838: conversion from 'const float' to 'int' requires a narrowing conversion
D:\AAAAAA Game Engine fun\xcube\src\engine\GameMath.h(96,36): warning C4244: 'initializing': conversion from 'const float' to 'int', possible loss of data
D:\AAAAAA Game Engine fun\xcube\src\engine\GameMath.h(114,27): warning C4838: conversion from 'float' to 'int' requires a narrowing conversion
D:\AAAAAA Game Engine fun\xcube\src\engine\GameMath.h(114,27): warning C4244: 'initializing': conversion from 'float' to 'int', possible loss of data
D:\AAAAAA Game Engine fun\xcube\src\engine\GameMath.h(114,30): warning C4838: conversion from 'float' to 'int' requires a narrowing conversion
D:\AAAAAA Game Engine fun\xcube\src\engine\GameMath.h(114,30): warning C4244: 'initializing': conversion from 'float' to 'int', possible loss of data
D:\AAAAAA Game Engine fun\xcube\src\engine\GameMath.h(114,33): warning C4838: conversion from 'float' to 'int' requires a narrowing conversion
D:\AAAAAA Game Engine fun\xcube\src\engine\GameMath.h(114,33): warning C4244: 'initializing': conversion from 'float' to 'int', possible loss of data
D:\AAAAAA Game Engine fun\xcube\src\engine\GameMath.h(114,36): warning C4838: conversion from 'float' to 'int' requires a narrowing conversion
D:\AAAAAA Game Engine fun\xcube\src\engine\GameMath.h(114,36): warning C4244: 'initializing': conversion from 'float' to 'int', possible loss of data
D:\AAAAAA Game Engine fun\xcube\src\engine\custom\MyEngineSystem.cpp(46,11): warning C4244: 'initializing': conversion from 'double' to 'int', possible loss of data
D:\AAAAAA Game Engine fun\xcube\src\engine\custom\MyEngineSystem.cpp(47,11): warning C4244: 'initializing': conversion from 'double' to 'int', possible loss of data
D:\AAAAAA Game Engine fun\xcube\src\engine\custom\MyEngineSystem.cpp(121,11): warning C4244: 'initializing': conversion from 'double' to 'int', possible loss of data
D:\AAAAAA Game Engine fun\xcube\src\engine\custom\MyEngineSystem.cpp(122,11): warning C4244: 'initializing': conversion from 'double' to 'int', possible loss of data
D:\AAAAAA Game Engine fun\xcube\src\engine\custom\MyEngineSystem.cpp(130,13): warning C4244: 'initializing': conversion from 'double' to 'int', possible loss of data
D:\AAAAAA Game Engine fun\xcube\src\engine\custom\MyEngineSystem.cpp(131,13): warning C4244: 'initializing': conversion from 'double' to 'int', possible loss of data
D:\AAAAAA Game Engine fun\xcube\src\engine\custom\MyEngineSystem.cpp(172,11): warning C4244: 'initializing': conversion from 'double' to 'int', possible loss of data
D:\AAAAAA Game Engine fun\xcube\src\engine\custom\MyEngineSystem.cpp(173,11): warning C4244: 'initializing': conversion from 'double' to 'int', possible loss of data
D:\AAAAAA Game Engine fun\xcube\src\engine\custom\MyEngineSystem.cpp(179,12): warning C4244: 'initializing': conversion from 'double' to 'int', possible loss of data
D:\AAAAAA Game Engine fun\xcube\src\engine\custom\MyEngineSystem.cpp(180,12): warning C4244: 'initializing': conversion from 'double' to 'int', possible loss of data
D:\AAAAAA Game Engine fun\xcube\src\engine\custom\MyEngineSystem.cpp(202,14): warning C4553: '==': result of expression not used; did you intend '='?
D:\AAAAAA Game Engine fun\xcube\src\demo\MyGame.cpp(130,10): warning C4244: 'initializing': conversion from 'double' to 'int', possible loss of data
D:\AAAAAA Game Engine fun\xcube\src\demo\MyGame.cpp(131,10): warning C4244: 'initializing': conversion from 'double' to 'int', possible loss of data
D:\AAAAAA Game Engine fun\xcube\src\demo\MyGame.cpp(132,10): warning C4244: 'initializing': conversion from 'double' to 'int', possible loss of data
D:\AAAAAA Game Engine fun\xcube\src\demo\MyGame.cpp(133,10): warning C4244: 'initializing': conversion from 'double' to 'int', possible loss of data
D:\AAAAAA Game Engine fun\xcube\src\demo\MyGame.cpp(294,58): warning C4267: 'argument': conversion from 'size_t' to 'const int', possible loss of data
D:\AAAAAA Game Engine fun\xcube\src\demo\MyGame.cpp(298,59): warning C4267: 'argument': conversion from 'size_t' to 'const int', possible loss of data
  MyEngineSystem.cpp
D:\AAAAAA Game Engine fun\xcube\src\engine\GameMath.h(42,1): warning C4244: '+=': conversion from 'const float' to 'int', possible loss of data
D:\AAAAAA Game Engine fun\xcube\src\engine\GameMath.h(43,1): warning C4244: '+=': conversion from 'const float' to 'int', possible loss of data
D:\AAAAAA Game Engine fun\xcube\src\engine\GameMath.h(48,1): warning C4244: '-=': conversion from 'const float' to 'int', possible loss of data
D:\AAAAAA Game Engine fun\xcube\src\engine\GameMath.h(49,1): warning C4244: '-=': conversion from 'const float' to 'int', possible loss of data
D:\AAAAAA Game Engine fun\xcube\src\engine\GameMath.h(96,27): warning C4838: conversion from 'const float' to 'int' requires a narrowing conversion
D:\AAAAAA Game Engine fun\xcube\src\engine\GameMath.h(96,27): warning C4244: 'initializing': conversion from 'const float' to 'int', possible loss of data
D:\AAAAAA Game Engine fun\xcube\src\engine\GameMath.h(96,30): warning C4838: conversion from 'const float' to 'int' requires a narrowing conversion
D:\AAAAAA Game Engine fun\xcube\src\engine\GameMath.h(96,30): warning C4244: 'initializing': conversion from 'const float' to 'int', possible loss of data
D:\AAAAAA Game Engine fun\xcube\src\engine\GameMath.h(96,33): warning C4838: conversion from 'const float' to 'int' requires a narrowing conversion
D:\AAAAAA Game Engine fun\xcube\src\engine\GameMath.h(96,33): warning C4244: 'initializing': conversion from 'const float' to 'int', possible loss of data
D:\AAAAAA Game Engine fun\xcube\src\engine\GameMath.h(96,36): warning C4838: conversion from 'const float' to 'int' requires a narrowing conversion
D:\AAAAAA Game Engine fun\xcube\src\engine\GameMath.h(96,36): warning C4244: 'initializing': conversion from 'const float' to 'int', possible loss of data
D:\AAAAAA Game Engine fun\xcube\src\engine\GameMath.h(114,27): warning C4838: conversion from 'float' to 'int' requires a narrowing conversion
D:\AAAAAA Game Engine fun\xcube\src\engine\GameMath.h(114,27): warning C4244: 'initializing': conversion from 'float' to 'int', possible loss of data
D:\AAAAAA Game Engine fun\xcube\src\engine\GameMath.h(114,30): warning C4838: conversion from 'float' to 'int' requires a narrowing conversion
D:\AAAAAA Game Engine fun\xcube\src\engine\GameMath.h(114,30): warning C4244: 'initializing': conversion from 'float' to 'int', possible loss of data
D:\AAAAAA Game Engine fun\xcube\src\engine\GameMath.h(114,33): warning C4838: conversion from 'float' to 'int' requires a narrowing conversion
D:\AAAAAA Game Engine fun\xcube\src\engine\GameMath.h(114,33): warning C4244: 'initializing': conversion from 'float' to 'int', possible loss of data
D:\AAAAAA Game Engine fun\xcube\src\engine\GameMath.h(114,36): warning C4838: conversion from 'float' to 'int' requires a narrowing conversion
D:\AAAAAA Game Engine fun\xcube\src\engine\GameMath.h(114,36): warning C4244: 'initializing': conversion from 'float' to 'int', possible loss of data
D:\AAAAAA Game Engine fun\xcube\src\engine\custom\MyEngineSystem.cpp(46,11): warning C4244: 'initializing': conversion from 'double' to 'int', possible loss of data
D:\AAAAAA Game Engine fun\xcube\src\engine\custom\MyEngineSystem.cpp(47,11): warning C4244: 'initializing': conversion from 'double' to 'int', possible loss of data
D:\AAAAAA Game Engine fun\xcube\src\engine\custom\MyEngineSystem.cpp(121,11): warning C4244: 'initializing': conversion from 'double' to 'int', possible loss of data
D:\AAAAAA Game Engine fun\xcube\src\engine\custom\MyEngineSystem.cpp(122,11): warning C4244: 'initializing': conversion from 'double' to 'int', possible loss of data
D:\AAAAAA Game Engine fun\xcube\src\engine\custom\MyEngineSystem.cpp(130,13): warning C4244: 'initializing': conversion from 'double' to 'int', possible loss of data
D:\AAAAAA Game Engine fun\xcube\src\engine\custom\MyEngineSystem.cpp(131,13): warning C4244: 'initializing': conversion from 'double' to 'int', possible loss of data
D:\AAAAAA Game Engine fun\xcube\src\engine\custom\MyEngineSystem.cpp(172,11): warning C4244: 'initializing': conversion from 'double' to 'int', possible loss of data
D:\AAAAAA Game Engine fun\xcube\src\engine\custom\MyEngineSystem.cpp(173,11): warning C4244: 'initializing': conversion from 'double' to 'int', possible loss of data
D:\AAAAAA Game Engine fun\xcube\src\engine\custom\MyEngineSystem.cpp(179,12): warning C4244: 'initializing': conversion from 'double' to 'int', possible loss of data
D:\AAAAAA Game Engine fun\xcube\src\engine\custom\MyEngineSystem.cpp(180,12): warning C4244: 'initializing': conversion from 'double' to 'int', possible loss of data
D:\AAAAAA Game Engine fun\xcube\src\engine\custom\MyEngineSystem.cpp(202,14): warning C4553: '==': result of expression not used; did you intend '='?
  Generating Code...
  MyGame.vcxproj -> D:\AAAAAA Game Engine fun\xcube\Debug\MyGame.exe
